

PLAY [测试ansible任务] *************************************************************

TASK [Gathering Facts] *********************************************************
ok: [192.168.7.127]
ok: [192.168.7.128]

TASK [Set authorized key taken from file] **************************************
ok: [192.168.7.127]
ok: [192.168.7.128]

PLAY RECAP *********************************************************************
192.168.7.127              : ok=2    changed=0    unreachable=0    failed=0    skipped=0    rescued=0    ignored=0   
192.168.7.128              : ok=2    changed=0    unreachable=0    failed=0    skipped=0    rescued=0    ignored=0   

Command execution success
[DEPRECATION WARNING]: The TRANSFORM_INVALID_GROUP_CHARS settings is set to 
allow bad characters in group names by default, this will change, but still be 
user configurable on deprecation. This feature will be removed in version 2.10.
 Deprecation warnings can be disabled by setting deprecation_warnings=False in 
ansible.cfg.
[WARNING]: Invalid characters were found in group names but not replaced, use
-vvvv to see details

PLAY [localhost] ***************************************************************

TASK [Check 2.9.0 <= Ansible version < 2.10.0] *********************************
ok: [localhost] => {
[WARNING]: Could not match supplied host pattern, ignoring: bastion
    "changed": false,
    "msg": "All assertions passed"
}

PLAY [bastion[0]] **************************************************************
skipping: no hosts matched

PLAY [Gather facts] ************************************************************

TASK [Gather minimal facts] ****************************************************
ok: [node2]
ok: [node1]

TASK [Gather necessary facts] **************************************************
ok: [node2] => (item=ansible_distribution_major_version)
ok: [node1] => (item=ansible_distribution_major_version)
ok: [node2] => (item=ansible_default_ipv4)
ok: [node1] => (item=ansible_default_ipv4)
ok: [node2] => (item=ansible_all_ipv4_addresses)
ok: [node1] => (item=ansible_all_ipv4_addresses)
ok: [node2] => (item=ansible_memtotal_mb)
ok: [node1] => (item=ansible_memtotal_mb)
ok: [node2] => (item=ansible_swaptotal_mb)
ok: [node1] => (item=ansible_swaptotal_mb)
[WARNING]: Not prompting as we are not in interactive mode

PLAY [etcd:k8s-cluster:calico-rr] **********************************************

TASK [check confirmation] ******************************************************
fatal: [node1]: FAILED! => {"changed": false, "msg": "Reset confirmation failed"}
fatal: [node2]: FAILED! => {"changed": false, "msg": "Reset confirmation failed"}

PLAY RECAP *********************************************************************
localhost                  : ok=1    changed=0    unreachable=0    failed=0    skipped=0    rescued=0    ignored=0   
node1                      : ok=2    changed=0    unreachable=0    failed=1    skipped=0    rescued=0    ignored=0   
node2                      : ok=2    changed=0    unreachable=0    failed=1    skipped=0    rescued=0    ignored=0   

Command execution failed
Error :Command execution failed