
[DEPRECATION WARNING]: The TRANSFORM_INVALID_GROUP_CHARS settings is set to 
allow bad characters in group names by default, this will change, but still be 
user configurable on deprecation. This feature will be removed in version 2.10.
 Deprecation warnings can be disabled by setting deprecation_warnings=False in 
ansible.cfg.
[WARNING]: Invalid characters were found in group names but not replaced, use
-vvvv to see details

PLAY [localhost] ***************************************************************

TASK [Check 2.9.0 <= Ansible version < 2.10.0] *********************************
ok: [localhost] => {
    "changed": false,
[WARNING]: Could not match supplied host pattern, ignoring: bastion
    "msg": "All assertions passed"
}

PLAY [bastion[0]] **************************************************************
skipping: no hosts matched

PLAY [k8s-cluster:etcd] ********************************************************

TASK [download : prep_download | Set a few facts] ******************************
skipping: [node1]

TASK [download : prep_download | Set image info command for containerd and crio] ***
skipping: [node1]

TASK [download : prep_download | Set image info command for containerd and crio on localhost] ***
skipping: [node1]

TASK [download : prep_download | On localhost, check if passwordless root is possible] ***
skipping: [node1]

TASK [download : prep_download | On localhost, check if user has access to docker without using sudo] ***
skipping: [node1]

TASK [download : prep_download | Parse the outputs of the previous commands] ***
skipping: [node1]

TASK [download : prep_download | Check that local user is in group or can become root] ***
skipping: [node1]

TASK [download : prep_download | Register docker images info] ******************
skipping: [node1]

TASK [download : prep_download | Create staging directory on remote node] ******
skipping: [node1]

TASK [download : prep_download | Create local cache for files and images on control node] ***
skipping: [node1]

TASK [container-engine/crictl : install crictĺ] ********************************
skipping: [node1]

TASK [download : download | Get kubeadm binary and list of required images] ****
skipping: [node1]

TASK [download : download | Download files / images] ***************************
skipping: [node1]

TASK [kubespray-defaults : Configure defaults] *********************************
ok: [node1] => {
    "msg": "Check roles/kubespray-defaults/defaults/main.yml"
}

TASK [kubespray-defaults : Set up proxy environment] ***************************
ok: [node1]

TASK [kubespray-defaults : Gather ansible_default_ipv4 from all hosts] *********
skipping: [node1] => (item=node1) 
skipping: [node1] => (item=node1) 

TASK [kubespray-defaults : create fallback_ips_base] ***************************
skipping: [node1]

TASK [kubespray-defaults : set fallback_ips] ***********************************
skipping: [node1]

TASK [kubespray-defaults : Set no_proxy to all assigned cluster IPs and hostnames] ***
skipping: [node1]

TASK [kubespray-defaults : Populates no_proxy to all hosts] ********************
skipping: [node1]

TASK [bootstrap-os : Fetch /etc/os-release] ************************************
fatal: [node1]: UNREACHABLE! => {"changed": false, "msg": "Failed to connect to the host via ssh: ssh: connect to host 192.168.7.128 port 22: No route to host", "unreachable": true}

NO MORE HOSTS LEFT *************************************************************

PLAY RECAP *********************************************************************
localhost                  : ok=1    changed=0    unreachable=0    failed=0    skipped=0    rescued=0    ignored=0   
node1                      : ok=2    changed=0    unreachable=1    failed=0    skipped=18   rescued=0    ignored=0   

Command execution failed
Error :Command execution failed